0 info it worked if it ends with ok
1 verbose cli [ '/usr/bin/node', '/usr/bin/npm', 'install', '-g', 'bower' ]
2 info using npm@2.14.9
3 info using node@v0.12.9
4 verbose node symlink /usr/bin/node
5 verbose install initial load of /usr/lib/package.json
6 verbose readDependencies loading dependencies from /usr/lib/package.json
7 silly cache add args [ 'bower', null ]
8 verbose cache add spec bower
9 silly cache add parsed spec { raw: 'bower',
9 silly cache add   scope: null,
9 silly cache add   name: 'bower',
9 silly cache add   rawSpec: '',
9 silly cache add   spec: '*',
9 silly cache add   type: 'range' }
10 silly addNamed bower@*
11 verbose addNamed "*" is a valid semver range for bower
12 silly addNameRange { name: 'bower', range: '*', hasData: false }
13 silly mapToRegistry name bower
14 silly mapToRegistry using default registry
15 silly mapToRegistry registry https://registry.npmjs.org/
16 silly mapToRegistry uri https://registry.npmjs.org/bower
17 verbose addNameRange registry:https://registry.npmjs.org/bower not in flight; fetching
18 verbose request uri https://registry.npmjs.org/bower
19 verbose request no auth needed
20 info attempt registry request try #1 at 12:01:15 PM
21 verbose request id a861d3b668ae142a
22 http request GET https://registry.npmjs.org/bower
23 http 200 https://registry.npmjs.org/bower
24 verbose headers { server: 'CouchDB/1.5.0 (Erlang OTP/R16B03)',
24 verbose headers   etag: '"B2UYTOT6VYA7570UGI4GF73CJ"',
24 verbose headers   'content-type': 'application/json',
24 verbose headers   'content-encoding': 'gzip',
24 verbose headers   'cache-control': 'max-age=300',
24 verbose headers   'content-length': '20492',
24 verbose headers   'accept-ranges': 'bytes',
24 verbose headers   date: 'Sat, 18 Jun 2016 19:01:16 GMT',
24 verbose headers   via: '1.1 varnish',
24 verbose headers   age: '66',
24 verbose headers   connection: 'keep-alive',
24 verbose headers   'x-served-by': 'cache-lax1427-LAX',
24 verbose headers   'x-cache': 'HIT',
24 verbose headers   'x-cache-hits': '1',
24 verbose headers   'x-timer': 'S1466276476.297506,VS0,VE0',
24 verbose headers   vary: 'Accept-Encoding' }
25 silly get cb [ 200,
25 silly get   { server: 'CouchDB/1.5.0 (Erlang OTP/R16B03)',
25 silly get     etag: '"B2UYTOT6VYA7570UGI4GF73CJ"',
25 silly get     'content-type': 'application/json',
25 silly get     'content-encoding': 'gzip',
25 silly get     'cache-control': 'max-age=300',
25 silly get     'content-length': '20492',
25 silly get     'accept-ranges': 'bytes',
25 silly get     date: 'Sat, 18 Jun 2016 19:01:16 GMT',
25 silly get     via: '1.1 varnish',
25 silly get     age: '66',
25 silly get     connection: 'keep-alive',
25 silly get     'x-served-by': 'cache-lax1427-LAX',
25 silly get     'x-cache': 'HIT',
25 silly get     'x-cache-hits': '1',
25 silly get     'x-timer': 'S1466276476.297506,VS0,VE0',
25 silly get     vary: 'Accept-Encoding' } ]
26 verbose get saving bower to /home/clinton/.npm/registry.npmjs.org/bower/.cache.json
27 silly addNameRange number 2 { name: 'bower', range: '*', hasData: true }
28 silly addNameRange versions [ 'bower',
28 silly addNameRange   [ '0.1.0',
28 silly addNameRange     '0.1.2',
28 silly addNameRange     '0.1.3',
28 silly addNameRange     '0.2.0',
28 silly addNameRange     '0.3.0',
28 silly addNameRange     '0.3.1',
28 silly addNameRange     '0.3.2',
28 silly addNameRange     '0.4.0',
28 silly addNameRange     '0.5.0',
28 silly addNameRange     '0.5.1',
28 silly addNameRange     '0.6.0',
28 silly addNameRange     '0.6.1',
28 silly addNameRange     '0.6.2',
28 silly addNameRange     '0.6.3',
28 silly addNameRange     '0.6.4',
28 silly addNameRange     '0.6.5',
28 silly addNameRange     '0.6.6',
28 silly addNameRange     '0.6.7',
28 silly addNameRange     '0.6.8',
28 silly addNameRange     '0.7.0',
28 silly addNameRange     '0.7.1',
28 silly addNameRange     '0.8.0',
28 silly addNameRange     '0.8.1',
28 silly addNameRange     '0.8.2',
28 silly addNameRange     '0.8.3',
28 silly addNameRange     '0.8.4',
28 silly addNameRange     '0.8.5',
28 silly addNameRange     '0.8.6',
28 silly addNameRange     '0.9.0',
28 silly addNameRange     '0.9.1',
28 silly addNameRange     '0.9.2',
28 silly addNameRange     '0.10.0',
28 silly addNameRange     '1.0.0',
28 silly addNameRange     '1.0.1',
28 silly addNameRange     '1.0.2',
28 silly addNameRange     '1.0.3',
28 silly addNameRange     '1.1.0',
28 silly addNameRange     '1.1.1',
28 silly addNameRange     '1.1.2',
28 silly addNameRange     '1.2.0',
28 silly addNameRange     '1.2.1',
28 silly addNameRange     '1.2.2',
28 silly addNameRange     '1.2.3',
28 silly addNameRange     '1.2.4',
28 silly addNameRange     '1.2.5',
28 silly addNameRange     '1.2.6',
28 silly addNameRange     '1.2.7',
28 silly addNameRange     '1.2.8',
28 silly addNameRange     '1.3.0',
28 silly addNameRange     '1.3.1',
28 silly addNameRange     '1.3.2',
28 silly addNameRange     '1.3.3',
28 silly addNameRange     '1.3.4',
28 silly addNameRange     '1.3.5',
28 silly addNameRange     '1.3.6',
28 silly addNameRange     '1.3.7',
28 silly addNameRange     '1.3.8',
28 silly addNameRange     '1.3.9',
28 silly addNameRange     '1.3.10',
28 silly addNameRange     '1.3.11',
28 silly addNameRange     '1.3.12',
28 silly addNameRange     '1.4.0',
28 silly addNameRange     '1.4.1',
28 silly addNameRange     '1.5.0',
28 silly addNameRange     '1.5.1',
28 silly addNameRange     '1.5.2',
28 silly addNameRange     '1.5.3',
28 silly addNameRange     '1.6.2',
28 silly addNameRange     '1.6.3',
28 silly addNameRange     '1.6.4',
28 silly addNameRange     '1.6.5',
28 silly addNameRange     '1.5.4',
28 silly addNameRange     '1.4.2',
28 silly addNameRange     '1.6.6',
28 silly addNameRange     '1.6.7',
28 silly addNameRange     '1.6.8',
28 silly addNameRange     '1.6.9',
28 silly addNameRange     '1.7.0',
28 silly addNameRange     '1.7.1',
28 silly addNameRange     '1.7.2',
28 silly addNameRange     '1.7.5',
28 silly addNameRange     '1.7.6',
28 silly addNameRange     '1.7.7',
28 silly addNameRange     '1.7.8',
28 silly addNameRange     '1.7.9' ] ]
29 silly addNamed bower@1.7.9
30 verbose addNamed "1.7.9" is a plain semver version for bower
31 silly mapToRegistry name bower
32 silly mapToRegistry using default registry
33 silly mapToRegistry registry https://registry.npmjs.org/
34 silly mapToRegistry uri https://registry.npmjs.org/bower
35 verbose addRemoteTarball https://registry.npmjs.org/bower/-/bower-1.7.9.tgz not in flight; adding
36 verbose addRemoteTarball [ 'https://registry.npmjs.org/bower/-/bower-1.7.9.tgz',
36 verbose addRemoteTarball   'b7296c2393e0d75edaa6ca39648132dd255812b0' ]
37 info retry fetch attempt 1 at 12:01:16 PM
38 info attempt registry request try #1 at 12:01:16 PM
39 http fetch GET https://registry.npmjs.org/bower/-/bower-1.7.9.tgz
40 http fetch 200 https://registry.npmjs.org/bower/-/bower-1.7.9.tgz
41 silly fetchAndShaCheck shasum b7296c2393e0d75edaa6ca39648132dd255812b0
42 verbose addTmpTarball /tmp/npm-16989-75dd4651/registry.npmjs.org/bower/-/bower-1.7.9.tgz not in flight; adding
43 verbose addTmpTarball already have metadata; skipping unpack for bower@1.7.9
44 silly cache afterAdd bower@1.7.9
45 verbose afterAdd /home/clinton/.npm/bower/1.7.9/package/package.json not in flight; writing
46 verbose afterAdd /home/clinton/.npm/bower/1.7.9/package/package.json written
47 silly install resolved [ { name: 'bower',
47 silly install resolved     version: '1.7.9',
47 silly install resolved     description: 'The browser package manager',
47 silly install resolved     author: { name: 'Twitter' },
47 silly install resolved     license: 'MIT',
47 silly install resolved     repository: { type: 'git', url: 'git+https://github.com/bower/bower.git' },
47 silly install resolved     main: 'lib',
47 silly install resolved     bin: { bower: 'bin/bower' },
47 silly install resolved     homepage: 'http://bower.io',
47 silly install resolved     engines: { node: '>=0.10.0' },
47 silly install resolved     keywords: [ 'bower' ],
47 silly install resolved     files: [ 'bin', 'lib' ],
47 silly install resolved     bugs: { url: 'https://github.com/bower/bower/issues' },
47 silly install resolved     _id: 'bower@1.7.9',
47 silly install resolved     scripts: {},
47 silly install resolved     _shasum: 'b7296c2393e0d75edaa6ca39648132dd255812b0',
47 silly install resolved     _from: 'bower@*',
47 silly install resolved     _npmVersion: '3.7.3',
47 silly install resolved     _nodeVersion: '5.9.0',
47 silly install resolved     _npmUser: { name: 'sheerun', email: 'sheerun@sher.pl' },
47 silly install resolved     dist:
47 silly install resolved      { shasum: 'b7296c2393e0d75edaa6ca39648132dd255812b0',
47 silly install resolved        tarball: 'https://registry.npmjs.org/bower/-/bower-1.7.9.tgz' },
47 silly install resolved     maintainers:
47 silly install resolved      [ [Object],
47 silly install resolved        [Object],
47 silly install resolved        [Object],
47 silly install resolved        [Object],
47 silly install resolved        [Object],
47 silly install resolved        [Object],
47 silly install resolved        [Object] ],
47 silly install resolved     _npmOperationalInternal:
47 silly install resolved      { host: 'packages-12-west.internal.npmjs.com',
47 silly install resolved        tmp: 'tmp/bower-1.7.9.tgz_1459857239351_0.9720134933013469' },
47 silly install resolved     directories: {},
47 silly install resolved     _resolved: 'https://registry.npmjs.org/bower/-/bower-1.7.9.tgz' } ]
48 info install bower@1.7.9 into /usr/lib
49 info installOne bower@1.7.9
50 verbose installOne of bower to /usr/lib not in flight; installing
51 verbose lock using /home/clinton/.npm/_locks/bower-f46d670cb56ecd4d.lock for /usr/lib/node_modules/bower
52 silly install write writing bower 1.7.9 to /usr/lib/node_modules/bower
53 verbose unbuild lib/node_modules/bower
54 info preuninstall bower@1.7.7
55 info uninstall bower@1.7.7
56 verbose unbuild rmStuff bower@1.7.7 from /usr/lib/node_modules
57 silly gentlyRm /usr/bin/bower is being gently removed
58 silly gentlyRm verifying /usr is an npm working directory
59 silly gentlyRm containing path /usr is under npm's control, in /usr
60 silly gentlyRm deletion target /usr/bin/bower is under /usr
61 verbose gentlyRm vacuuming from /usr/bin/bower up to /usr
62 silly vacuum-fs removing /usr/bin/bower
63 verbose unlock done using /home/clinton/.npm/_locks/bower-f46d670cb56ecd4d.lock for /usr/lib/node_modules/bower
64 verbose stack Error: EACCES, unlink '/usr/bin/bower'
64 verbose stack     at Error (native)
65 verbose cwd /home/clinton/GitHub/BitCoinWebApp
66 error Linux 3.16.0-45-generic
67 error argv "/usr/bin/node" "/usr/bin/npm" "install" "-g" "bower"
68 error node v0.12.9
69 error npm  v2.14.9
70 error path /usr/bin/bower
71 error code EACCES
72 error errno -13
73 error Error: EACCES, unlink '/usr/bin/bower'
73 error     at Error (native)
73 error  { [Error: EACCES, unlink '/usr/bin/bower'] errno: -13, code: 'EACCES', path: '/usr/bin/bower' }
74 error Please try running this command again as root/Administrator.
75 verbose exit [ -13, true ]
76 verbose unbuild lib/node_modules/bower
77 info preuninstall bower@1.7.7
78 info uninstall bower@1.7.7
79 verbose unbuild rmStuff bower@1.7.7 from /usr/lib/node_modules
80 silly gentlyRm /usr/bin/bower is being gently removed
81 silly gentlyRm verifying /usr is an npm working directory
82 silly gentlyRm containing path /usr is under npm's control, in /usr
83 silly gentlyRm deletion target /usr/bin/bower is under /usr
84 verbose gentlyRm vacuuming from /usr/bin/bower up to /usr
85 silly vacuum-fs removing /usr/bin/bower
86 error error rolling back Error: EACCES, unlink '/usr/bin/bower'
86 error error rolling back     at Error (native)
86 error error rolling back  { [Error: EACCES, unlink '/usr/bin/bower'] errno: -13, code: 'EACCES', path: '/usr/bin/bower' }
